2021-01-09 20:34:22.887 - INFO - 5466 - azureml.train.automl._azureautomlclient.modify_run_configuration:199 - Package azureml-train-automl missing from dependencies file.
2021-01-09 20:34:22.888 - INFO - 5466 - azureml.train.automl._azureautomlclient.modify_run_configuration:205 - Using pinned version: azureml-train-automl==1.19.0.*
2021-01-09 20:34:22.889 - INFO - 5466 - azureml.train.automl._azureautomlclient.modify_run_configuration:199 - Package pandas missing from dependencies file.
2021-01-09 20:34:22.889 - INFO - 5466 - azureml.train.automl._azureautomlclient.modify_run_configuration:205 - Using pinned version: pandas==0.25.1
2021-01-09 20:34:22.890 - INFO - 5466 - azureml.train.automl._azureautomlclient.modify_run_configuration:199 - Package psutil missing from dependencies file.
2021-01-09 20:34:22.890 - INFO - 5466 - azureml.train.automl._azureautomlclient.modify_run_configuration:205 - Using pinned version: psutil>5.0.0,<6.0.0
2021-01-09 20:34:22.891 - INFO - 5466 - azureml.train.automl._azureautomlclient.modify_run_configuration:199 - Package scikit-learn missing from dependencies file.
2021-01-09 20:34:22.891 - INFO - 5466 - azureml.train.automl._azureautomlclient.modify_run_configuration:205 - Using pinned version: scikit-learn==0.22.1
2021-01-09 20:34:22.891 - INFO - 5466 - azureml.train.automl._azureautomlclient.modify_run_configuration:199 - Package numpy missing from dependencies file.
2021-01-09 20:34:22.892 - INFO - 5466 - azureml.train.automl._azureautomlclient.modify_run_configuration:205 - Using pinned version: numpy~=1.18.0
2021-01-09 20:34:22.892 - INFO - 5466 - azureml.train.automl._azureautomlclient.modify_run_configuration:199 - Package py-xgboost missing from dependencies file.
2021-01-09 20:34:22.894 - INFO - 5466 - azureml.train.automl._azureautomlclient.modify_run_configuration:205 - Using pinned version: py-xgboost<=0.90
2021-01-09 20:34:22.901 - INFO - 5466 - azureml.train.automl._azureautomlclient.modify_run_configuration:199 - Package inference-schema missing from dependencies file.
2021-01-09 20:34:22.901 - INFO - 5466 - azureml.train.automl._azureautomlclient.modify_run_configuration:199 - Package fbprophet missing from dependencies file.
2021-01-09 20:34:22.902 - INFO - 5466 - azureml.train.automl._azureautomlclient.modify_run_configuration:205 - Using pinned version: fbprophet==0.5
2021-01-09 20:34:22.903 - INFO - 5466 - azureml.train.automl._azureautomlclient.modify_run_configuration:199 - Package setuptools-git missing from dependencies file.
2021-01-09 20:34:22.903 - INFO - 5466 - azureml.train.automl._azureautomlclient.modify_run_configuration:209 - Using installed version: setuptools-git==1.2
2021-01-09 20:34:23.008 - INFO - 5466 - azureml.train.automl._azureautomlclient._validate_input:663 - Start data validation.
2021-01-09 20:34:33.961 - INFO - 5466 - azureml.train.automl._azureautomlclient._validate_input:676 - Validation service found the data has no errors.
2021-01-09 20:34:33.962 - INFO - 5466 - azureml.train.automl._azureautomlclient._create_parent_run_for_remote:541 - Start creating parent run.
2021-01-09 20:34:34.655 - INFO - 5466 - azureml.train.automl._azureautomlclient._create_parent_run_for_remote:561 - [ParentRunID:AutoML_2a22b6cc-37b5-4ba3-ae96-813afe214334] Remote run using input X and y.
2021-01-09 20:34:35.068 - INFO - 5466 - azureml.train.automl._azureautomlclient._create_parent_run_for_remote:574 - Parent Run ID: AutoML_2a22b6cc-37b5-4ba3-ae96-813afe214334
2021-01-09 20:34:35.069 - INFO - 5466 - azureml.train.automl._azureautomlclient._fit_remote_core:502 - Starting a snapshot run (snapshot_id : None)
