2020-12-13 04:17:03.778 - INFO - 5535 - azureml.train.automl._azureautomlclient.modify_run_configuration:199 - Package azureml-train-automl missing from dependencies file.
2020-12-13 04:17:03.778 - INFO - 5535 - azureml.train.automl._azureautomlclient.modify_run_configuration:205 - Using pinned version: azureml-train-automl==1.19.0.*
2020-12-13 04:17:03.779 - INFO - 5535 - azureml.train.automl._azureautomlclient.modify_run_configuration:199 - Package pandas missing from dependencies file.
2020-12-13 04:17:03.779 - INFO - 5535 - azureml.train.automl._azureautomlclient.modify_run_configuration:205 - Using pinned version: pandas==0.25.1
2020-12-13 04:17:03.779 - INFO - 5535 - azureml.train.automl._azureautomlclient.modify_run_configuration:199 - Package psutil missing from dependencies file.
2020-12-13 04:17:03.779 - INFO - 5535 - azureml.train.automl._azureautomlclient.modify_run_configuration:205 - Using pinned version: psutil>5.0.0,<6.0.0
2020-12-13 04:17:03.779 - INFO - 5535 - azureml.train.automl._azureautomlclient.modify_run_configuration:199 - Package scikit-learn missing from dependencies file.
2020-12-13 04:17:03.779 - INFO - 5535 - azureml.train.automl._azureautomlclient.modify_run_configuration:205 - Using pinned version: scikit-learn==0.22.1
2020-12-13 04:17:03.780 - INFO - 5535 - azureml.train.automl._azureautomlclient.modify_run_configuration:199 - Package numpy missing from dependencies file.
2020-12-13 04:17:03.780 - INFO - 5535 - azureml.train.automl._azureautomlclient.modify_run_configuration:205 - Using pinned version: numpy~=1.18.0
2020-12-13 04:17:03.780 - INFO - 5535 - azureml.train.automl._azureautomlclient.modify_run_configuration:199 - Package py-xgboost missing from dependencies file.
2020-12-13 04:17:03.782 - INFO - 5535 - azureml.train.automl._azureautomlclient.modify_run_configuration:205 - Using pinned version: py-xgboost<=0.90
2020-12-13 04:17:03.782 - INFO - 5535 - azureml.train.automl._azureautomlclient.modify_run_configuration:199 - Package inference-schema missing from dependencies file.
2020-12-13 04:17:03.783 - INFO - 5535 - azureml.train.automl._azureautomlclient.modify_run_configuration:199 - Package fbprophet missing from dependencies file.
2020-12-13 04:17:03.783 - INFO - 5535 - azureml.train.automl._azureautomlclient.modify_run_configuration:205 - Using pinned version: fbprophet==0.5
2020-12-13 04:17:03.783 - INFO - 5535 - azureml.train.automl._azureautomlclient.modify_run_configuration:199 - Package setuptools-git missing from dependencies file.
2020-12-13 04:17:03.783 - INFO - 5535 - azureml.train.automl._azureautomlclient.modify_run_configuration:209 - Using installed version: setuptools-git==1.2
2020-12-13 04:17:03.883 - INFO - 5535 - azureml.train.automl._azureautomlclient._validate_input:663 - Start data validation.
2020-12-13 04:17:15.377 - INFO - 5535 - azureml.train.automl._azureautomlclient._validate_input:676 - Validation service found the data has no errors.
2020-12-13 04:17:15.378 - INFO - 5535 - azureml.train.automl._azureautomlclient._create_parent_run_for_remote:541 - Start creating parent run.
2020-12-13 04:17:15.994 - INFO - 5535 - azureml.train.automl._azureautomlclient._create_parent_run_for_remote:561 - [ParentRunID:AutoML_454a03fa-5100-4810-9148-3fd0689336c9] Remote run using input X and y.
2020-12-13 04:17:16.096 - INFO - 5535 - azureml.train.automl._azureautomlclient._create_parent_run_for_remote:574 - Parent Run ID: AutoML_454a03fa-5100-4810-9148-3fd0689336c9
2020-12-13 04:17:16.097 - INFO - 5535 - azureml.train.automl._azureautomlclient._fit_remote_core:502 - Starting a snapshot run (snapshot_id : None)
